<?xml version="1.0" encoding="UTF-8"?>
<!-- Generated by org.testng.reporters.JUnitReportReporter -->
<testsuite hostname="bdc7-l-9G7VFC2" name="TestLog" tests="2" failures="0" timestamp="11 Dec 2019 04:15:04 GMT" time="0.151" errors="0">
  <testcase name="RootLoggerDemo" time="0.003" classname="TestLog"/>
  <testcase name="ManualLoggerDemo" time="0.148" classname="TestLog"/>
</testsuite> <!-- TestLog -->
